{
  "uid" : "3779a49a936134af",
  "name" : "test_run",
  "fullName" : "jenkins_demo.scripts.test_case.Test_all01#test_run",
  "historyId" : "733d47e25a2559bb0babb7704ec658d5",
  "time" : {
    "start" : 1626518003458,
    "stop" : 1626518003461,
    "duration" : 3
  },
  "status" : "failed",
  "statusMessage" : "AssertionError: assert 0",
  "statusTrace" : "self = <test_case.Test_all01 object at 0x0395BB08>\n\n    @allure.step(title=\"run就是一个正常的方法.\")\n    def test_run(self):\n        allure.attach(\"自定义描述1\", \"描述内容，自定义\")\n        print(\"我要运行\")\n>       assert 0\nE       assert 0\n\njenkins_demo\\scripts\\test_case.py:15: AssertionError",
  "flaky" : false,
  "newFailed" : true,
  "beforeStages" : [ ],
  "testStage" : {
    "status" : "failed",
    "statusMessage" : "AssertionError: assert 0",
    "statusTrace" : "self = <test_case.Test_all01 object at 0x0395BB08>\n\n    @allure.step(title=\"run就是一个正常的方法.\")\n    def test_run(self):\n        allure.attach(\"自定义描述1\", \"描述内容，自定义\")\n        print(\"我要运行\")\n>       assert 0\nE       assert 0\n\njenkins_demo\\scripts\\test_case.py:15: AssertionError",
    "steps" : [ {
      "name" : "run就是一个正常的方法.",
      "time" : {
        "start" : 1626518003458,
        "stop" : 1626518003459,
        "duration" : 1
      },
      "status" : "failed",
      "statusMessage" : "AssertionError: assert 0\n",
      "statusTrace" : "  File \"d:\\python\\jenkins_project\\venv\\lib\\site-packages\\allure_commons\\_allure.py\", line 172, in impl\n    return func(*a, **kw)\n  File \"D:\\python\\jenkins_project\\jenkins_demo\\scripts\\test_case.py\", line 15, in test_run\n    assert 0\n",
      "steps" : [ ],
      "attachments" : [ {
        "uid" : "207f24833e47ddb9",
        "name" : "描述内容，自定义",
        "source" : "207f24833e47ddb9.attach",
        "type" : "text/plain",
        "size" : 16
      } ],
      "parameters" : [ ],
      "attachmentsCount" : 1,
      "shouldDisplayMessage" : true,
      "hasContent" : true,
      "stepsCount" : 0
    } ],
    "attachments" : [ ],
    "parameters" : [ ],
    "attachmentsCount" : 1,
    "shouldDisplayMessage" : true,
    "hasContent" : true,
    "stepsCount" : 1
  },
  "afterStages" : [ ],
  "labels" : [ {
    "name" : "feature",
    "value" : "Test_all01"
  }, {
    "name" : "parentSuite",
    "value" : "jenkins_demo.scripts"
  }, {
    "name" : "suite",
    "value" : "test_case"
  }, {
    "name" : "subSuite",
    "value" : "Test_all01"
  }, {
    "name" : "host",
    "value" : "BJ3184"
  }, {
    "name" : "thread",
    "value" : "9244-MainThread"
  }, {
    "name" : "framework",
    "value" : "pytest"
  }, {
    "name" : "language",
    "value" : "cpython3"
  }, {
    "name" : "package",
    "value" : "jenkins_demo.scripts.test_case"
  }, {
    "name" : "resultFormat",
    "value" : "allure2"
  } ],
  "parameters" : [ ],
  "links" : [ ],
  "hidden" : false,
  "retry" : false,
  "extra" : {
    "severity" : "normal",
    "retries" : [ ],
    "categories" : [ {
      "name" : "Product defects",
      "matchedStatuses" : [ "failed" ],
      "flaky" : false
    } ],
    "history" : {
      "statistic" : {
        "failed" : 1,
        "broken" : 0,
        "skipped" : 0,
        "passed" : 1,
        "unknown" : 0,
        "total" : 2
      },
      "items" : [ {
        "uid" : "b54944e777a4b992",
        "reportUrl" : "http://example.org/build#13/AllureReport/#testresult/b54944e777a4b992",
        "status" : "passed",
        "time" : {
          "start" : 1626513821789,
          "stop" : 1626513821790,
          "duration" : 1
        }
      } ]
    },
    "tags" : [ ]
  },
  "source" : "3779a49a936134af.json",
  "parameterValues" : [ ]
}